<?xml version="1.0" encoding="UTF-8"?>
<!-- Generated by org.testng.reporters.JUnitXMLReporter -->
<testsuite ignored="0" hostname="Anastasiias-MacBook-Pro.local" failures="1" tests="3" name="Command line test" time="24.903" errors="0" timestamp="2025-07-20T11:55:05 EEST">
  <testcase classname="io.cucumber.testng.AbstractTestNGCucumberTests" name="runScenario" time="15.499"/>
  <testcase classname="io.cucumber.testng.AbstractTestNGCucumberTests" name="runScenario" time="5.173"/>
  <testcase classname="io.cucumber.testng.AbstractTestNGCucumberTests" name="runScenario" time="3.866">
    <failure type="java.lang.AssertionError" message="
Expecting actual:
  &amp;quot;https://www.saucedemo.com/&amp;quot;
to contain:
  &amp;quot;/inventory.html&amp;quot; ">
      <![CDATA[java.lang.AssertionError: 
Expecting actual:
  "https://www.saucedemo.com/"
to contain:
  "/inventory.html" 
at com.epam.training.student_anastasiia_tsyvina.adapter.LoginAssertions.assertSuccessUrl(LoginAssertions.java:25)
at com.epam.training.student_anastasiia_tsyvina.stepdefs.LoginStepDefs.i_should_be_redirected_to_the_inventory_page(LoginStepDefs.java:39)
at ✽.I should be redirected to the inventory page(file:///Users/anastasiiatsyvina/Desktop/ta_training-java/src/test/resources/features/login.feature:17)
]]>
    </failure>
  </testcase> <!-- runScenario -->
</testsuite> <!-- Command line test -->
