<?xml version="1.0" encoding="UTF-8" ?>
<testsuite tests="3" failures="1" name="com.epam.training.student_anastasiia_tsyvina.runner.CucumberTestRunner" time="24.555" errors="0" skipped="0">
  <properties>
[...]
</properties>
  <testcase classname="com.epam.training.student_anastasiia_tsyvina.runner.CucumberTestRunner" name="runScenario" time="15.522"/>
  <testcase classname="com.epam.training.student_anastasiia_tsyvina.runner.CucumberTestRunner" name="runScenario" time="5.162"/>
  <testcase classname="com.epam.training.student_anastasiia_tsyvina.runner.CucumberTestRunner" name="runScenario" time="3.871">
    <failure message="
Expecting actual:
  &quot;https://www.saucedemo.com/&quot;
to contain:
  &quot;/inventory.html&quot; " type="java.lang.AssertionError">java.lang.AssertionError: 
Expecting actual:
  &quot;https://www.saucedemo.com/&quot;
to contain:
  &quot;/inventory.html&quot; 
	at com.epam.training.student_anastasiia_tsyvina.adapter.LoginAssertions.assertSuccessUrl(LoginAssertions.java:25)
	at com.epam.training.student_anastasiia_tsyvina.stepdefs.LoginStepDefs.i_should_be_redirected_to_the_inventory_page(LoginStepDefs.java:39)
	at ✽.I should be redirected to the inventory page(file:///Users/anastasiiatsyvina/Desktop/ta_training-java/src/test/resources/features/login.feature:17)
</failure>
    <system-out>
Scenario: UC-3 - Successful login                                         # src/test/resources/features/login.feature:14
  Given I open SauceDemo website                                          # com.epam.training.student_anastasiia_tsyvina.stepdefs.LoginStepDefs.i_open_sauce_demo_website()
  When I login with username &quot;standard_usser&quot; and password &quot;secret_sauce&quot; # com.epam.training.student_anastasiia_tsyvina.stepdefs.LoginStepDefs.i_login_with_username_and_password(java.lang.String,java.lang.String)
  Then I should be redirected to the inventory page                       # com.epam.training.student_anastasiia_tsyvina.stepdefs.LoginStepDefs.i_should_be_redirected_to_the_inventory_page()
      java.lang.AssertionError: 
Expecting actual:
  &quot;https://www.saucedemo.com/&quot;
to contain:
  &quot;/inventory.html&quot; 
	at com.epam.training.student_anastasiia_tsyvina.adapter.LoginAssertions.assertSuccessUrl(LoginAssertions.java:25)
	at com.epam.training.student_anastasiia_tsyvina.stepdefs.LoginStepDefs.i_should_be_redirected_to_the_inventory_page(LoginStepDefs.java:39)
	at ✽.I should be redirected to the inventory page(file:///Users/anastasiiatsyvina/Desktop/ta_training-java/src/test/resources/features/login.feature:17)

</system-out>
    <system-err>Jul 20, 2025 11:55:03 AM org.openqa.selenium.devtools.CdpVersionFinder findNearestMatch
WARNING: Unable to find CDP implementation matching 138
Jul 20, 2025 11:55:03 AM org.openqa.selenium.chromium.ChromiumDriver lambda$new$5
WARNING: Unable to find version of CDP to use for 138.0.7204.158. You may need to include a dependency on a specific version of the CDP using something similar to `org.seleniumhq.selenium:selenium-devtools-v86:4.20.0` where the version (&quot;v86&quot;) matches the version of the chromium-based browser you&apos;re using and the version number of the artifact is the same as Selenium&apos;s.
</system-err>
  </testcase>
</testsuite>